<?xml version="1.0" encoding="UTF-8"?>
<testng-results ignored="0" total="1" passed="1" failed="0" skipped="0">
  <reporter-output>
  </reporter-output>
  <suite started-at="2023-09-10T21:58:12 EEST" name="Default suite" finished-at="2023-09-10T21:58:41 EEST" duration-ms="29162">
    <groups>
    </groups>
    <test started-at="2023-09-10T21:58:12 EEST" name="Default test" finished-at="2023-09-10T21:58:41 EEST" duration-ms="29162">
      <class name="tests.JavaexecutorBlogTest1">
        <test-method is-config="true" signature="setup()[pri:0, instance:tests.JavaexecutorBlogTest1@1ed4ae0f]" started-at="2023-09-10T21:58:12 EEST" name="setup" finished-at="2023-09-10T21:58:33 EEST" duration-ms="21324" status="PASS">
          <reporter-output>
          </reporter-output>
        </test-method> <!-- setup -->
        <test-method signature="navigateToShop()[pri:0, instance:tests.JavaexecutorBlogTest1@1ed4ae0f]" started-at="2023-09-10T21:58:33 EEST" name="navigateToShop" finished-at="2023-09-10T21:58:36 EEST" duration-ms="2448" status="PASS">
          <reporter-output>
          </reporter-output>
        </test-method> <!-- navigateToShop -->
        <test-method is-config="true" signature="teardown()[pri:0, instance:tests.JavaexecutorBlogTest1@1ed4ae0f]" started-at="2023-09-10T21:58:36 EEST" name="teardown" finished-at="2023-09-10T21:58:41 EEST" duration-ms="5089" status="PASS">
          <reporter-output>
          </reporter-output>
        </test-method> <!-- teardown -->
      </class> <!-- tests.JavaexecutorBlogTest1 -->
    </test> <!-- Default test -->
  </suite> <!-- Default suite -->
</testng-results>
